<?xml version="1.0" encoding="UTF-8"?>
<testsuite xmlns:xsi="http://www.w3.org/2001/XMLSchema-instance" xsi:noNamespaceSchemaLocation="https://maven.apache.org/surefire/maven-surefire-plugin/xsd/surefire-test-report-3.0.xsd" version="3.0" name="com.example.demo.BankApplicationTests" time="2.792" tests="1" errors="0" skipped="0" failures="0">
  <properties>
[...]
</properties>
  <testcase name="contextLoads" classname="com.example.demo.BankApplicationTests" time="0.386">
    <system-out><![CDATA[13:15:52.768 [main] INFO org.springframework.test.context.support.AnnotationConfigContextLoaderUtils -- Could not detect default configuration classes for test class [com.example.demo.BankApplicationTests]: BankApplicationTests does not declare any static, non-private, non-final, nested classes annotated with @Configuration.
13:15:52.819 [main] INFO org.springframework.boot.test.context.SpringBootTestContextBootstrapper -- Found @SpringBootConfiguration com.example.demo.BankApplication for test class com.example.demo.BankApplicationTests

  .   ____          _            __ _ _
 /\\ / ___'_ __ _ _(_)_ __  __ _ \ \ \ \
( ( )\___ | '_ | '_| | '_ \/ _` | \ \ \ \
 \\/  ___)| |_)| | | | | || (_| |  ) ) ) )
  '  |____| .__|_| |_|_| |_\__, | / / / /
 =========|_|==============|___/=/_/_/_/
 :: Spring Boot ::                (v3.1.4)

2023-10-10T13:15:53.039+05:30  INFO 42880 --- [           main] com.example.demo.BankApplicationTests    : Starting BankApplicationTests using Java 17.0.8.1 with PID 42880 (started by test in /home/test/Documents/workspace-spring-tool-suite-4-4.20.0.RELEASE/Bank)
2023-10-10T13:15:53.040+05:30  INFO 42880 --- [           main] com.example.demo.BankApplicationTests    : No active profile set, falling back to 1 default profile: "default"
2023-10-10T13:15:53.436+05:30  INFO 42880 --- [           main] .s.d.r.c.RepositoryConfigurationDelegate : Bootstrapping Spring Data JPA repositories in DEFAULT mode.
2023-10-10T13:15:53.464+05:30  INFO 42880 --- [           main] .s.d.r.c.RepositoryConfigurationDelegate : Finished Spring Data repository scanning in 24 ms. Found 1 JPA repository interfaces.
2023-10-10T13:15:53.689+05:30  INFO 42880 --- [           main] com.zaxxer.hikari.HikariDataSource       : HikariPool-1 - Starting...
2023-10-10T13:15:53.942+05:30  INFO 42880 --- [           main] com.zaxxer.hikari.pool.HikariPool        : HikariPool-1 - Added connection com.mysql.cj.jdbc.ConnectionImpl@582e9152
2023-10-10T13:15:53.943+05:30  INFO 42880 --- [           main] com.zaxxer.hikari.HikariDataSource       : HikariPool-1 - Start completed.
2023-10-10T13:15:53.970+05:30  INFO 42880 --- [           main] o.hibernate.jpa.internal.util.LogHelper  : HHH000204: Processing PersistenceUnitInfo [name: default]
2023-10-10T13:15:53.992+05:30  INFO 42880 --- [           main] org.hibernate.Version                    : HHH000412: Hibernate ORM core version 6.2.9.Final
2023-10-10T13:15:53.994+05:30  INFO 42880 --- [           main] org.hibernate.cfg.Environment            : HHH000406: Using bytecode reflection optimizer
2023-10-10T13:15:54.055+05:30  INFO 42880 --- [           main] o.h.b.i.BytecodeProviderInitiator        : HHH000021: Bytecode provider name : bytebuddy
2023-10-10T13:15:54.133+05:30  INFO 42880 --- [           main] o.s.o.j.p.SpringPersistenceUnitInfo      : No LoadTimeWeaver setup: ignoring JPA class transformer
2023-10-10T13:15:54.260+05:30  INFO 42880 --- [           main] o.h.b.i.BytecodeProviderInitiator        : HHH000021: Bytecode provider name : bytebuddy
2023-10-10T13:15:54.574+05:30  INFO 42880 --- [           main] o.h.e.t.j.p.i.JtaPlatformInitiator       : HHH000490: Using JtaPlatform implementation: [org.hibernate.engine.transaction.jta.platform.internal.NoJtaPlatform]
2023-10-10T13:15:54.576+05:30  INFO 42880 --- [           main] j.LocalContainerEntityManagerFactoryBean : Initialized JPA EntityManagerFactory for persistence unit 'default'
2023-10-10T13:15:54.766+05:30  INFO 42880 --- [           main] o.s.d.j.r.query.QueryEnhancerFactory     : Hibernate is in classpath; If applicable, HQL parser will be used.
2023-10-10T13:15:54.862+05:30  WARN 42880 --- [           main] JpaBaseConfiguration$JpaWebConfiguration : spring.jpa.open-in-view is enabled by default. Therefore, database queries may be performed during view rendering. Explicitly configure spring.jpa.open-in-view to disable this warning
2023-10-10T13:15:55.073+05:30  INFO 42880 --- [           main] com.example.demo.BankApplicationTests    : Started BankApplicationTests in 2.181 seconds (process running for 2.718)
]]></system-out>
  </testcase>
</testsuite>